<?xml version="1.0" encoding="UTF-8"?>
<coverage generated="1699991144688" clover="3.2.0">
  <project timestamp="1699991144688" name="All files">
    <metrics statements="14" coveredstatements="14" conditionals="2" coveredconditionals="1" methods="3" coveredmethods="3" elements="19" coveredelements="18" complexity="0" loc="14" ncloc="14" packages="1" files="1" classes="1"/>
    <file name="index.ts" path="C:\Users\aarsh\Desktop\All File Organized\Coding Project\CampusMobileApp\backend\index.ts">
      <metrics statements="14" coveredstatements="14" conditionals="2" coveredconditionals="1" methods="3" coveredmethods="3"/>
      <line num="1" count="1" type="stmt"/>
      <line num="6" count="1" type="stmt"/>
      <line num="7" count="1" type="cond" truecount="1" falsecount="1"/>
      <line num="10" count="1" type="stmt"/>
      <line num="11" count="1" type="stmt"/>
      <line num="14" count="1" type="stmt"/>
      <line num="15" count="1" type="stmt"/>
      <line num="16" count="1" type="stmt"/>
      <line num="17" count="1" type="stmt"/>
      <line num="20" count="1" type="stmt"/>
      <line num="21" count="1" type="stmt"/>
      <line num="22" count="1" type="stmt"/>
      <line num="25" count="1" type="stmt"/>
      <line num="26" count="1" type="stmt"/>
    </file>
  </project>
</coverage>
